0.3932 	WARNING 	We strongly recommend you activate the PTB sound engine in PsychoPy prefs as the preferred audio engine. Its timing is vastly superior. Your prefs are currently set to use ['sounddevice', 'PTB', 'pyo', 'pygame'] (in that order).
7.8511 	WARNING 	User requested fullscreen with size [1024  768], but screen is actually [1920, 1080]. Using actual size
8.6003 	EXP 	Created window1 = Window(allowGUI=False, allowStencil=False, autoLog=True, backendConf=UNKNOWN, bitsMode=UNKNOWN, blendMode='avg', bpc=(8, 8, 8), color=array([0, 0, 0]), colorSpace='rgb', depthBits=8, fullscr=<method-wrapper '__getattribute__' of attributeSetter object at 0x7fb32b070ba8>, gamma=None, gammaErrorPolicy='raise', lms=UNKNOWN, monitor=<psychopy.monitors.calibTools.Monitor object at 0x7fb32b029128>, multiSample=False, name='window1', numSamples=2, pos=[0.0, 0.0], screen=0, size=array([1920, 1080]), stencilBits=0, stereo=False, units='height', useFBO=True, useRetina=False, viewOri=0.0, viewPos=None, viewScale=None, waitBlanking=True, winType='pyglet')
8.6006 	EXP 	window1: mouseVisible = True
8.6006 	EXP 	window1: recordFrameIntervals = False
8.7669 	EXP 	window1: recordFrameIntervals = True
8.9505 	EXP 	window1: recordFrameIntervals = False
9.5152 	EXP 	Created textWelcome = TextStim(__class__=<class 'psychopy.visual.text.TextStim'>, alignHoriz=method-wrapper(...), alignText='center', alignVert=method-wrapper(...), anchorHoriz='center', anchorVert='center', antialias=True, autoLog=True, bold=False, color=array([1, 1, 1]), colorSpace='rgb', contrast=1.0, depth=0.0, flipHoriz=False, flipVert=False, font='Arial', fontFiles=[], height=0.1, italic=False, languageStyle='LTR', name='textWelcome', opacity=1, ori=0.0, pos=array([0., 0.]), rgb=UNKNOWN, text=str(...), units='height', win=Window(...), wrapWidth=1)
10.0003 	EXP 	Created textBlank = TextStim(__class__=<class 'psychopy.visual.text.TextStim'>, alignHoriz=method-wrapper(...), alignText='center', alignVert=method-wrapper(...), anchorHoriz='center', anchorVert='center', antialias=True, autoLog=True, bold=False, color=array([1, 1, 1]), colorSpace='rgb', contrast=1.0, depth=0.0, flipHoriz=False, flipVert=False, font='Open Sans', fontFiles=[], height=0.1, italic=False, languageStyle='LTR', name='textBlank', opacity=1, ori=0.0, pos=array([0., 0.]), rgb=UNKNOWN, text='', units='height', win=Window(...), wrapWidth=1)
10.4876 	EXP 	Created polygonStudy = Polygon(__class__=<class 'psychopy.visual.polygon.Polygon'>, autoDraw=False, autoLog=True, closeShape=True, color=method-wrapper(...), colorSpace='rgb', contrast=None, depth=-1.0, fillColor=array([1, 1, 1]), fillColorSpace='rgb', fillRGB=UNKNOWN, interpolate=True, lineColor=array([1, 1, 1]), lineColorSpace='rgb', lineRGB=UNKNOWN, lineWidth=1.0, name='polygonStudy', opacity=1, ori=0.0, pos=array([0., 0.]), size=array([0.5, 0.5]), units='height', vertices=ndarray(...), win=Window(...))
10.4884 	EXP 	Created textBlank = TextStim(__class__=<class 'psychopy.visual.text.TextStim'>, alignHoriz=method-wrapper(...), alignText='center', alignVert=method-wrapper(...), anchorHoriz='center', anchorVert='center', antialias=True, autoLog=True, bold=False, color=array([1, 1, 1]), colorSpace='rgb', contrast=1.0, depth=0.0, flipHoriz=False, flipVert=False, font='Open Sans', fontFiles=[], height=0.1, italic=False, languageStyle='LTR', name='textBlank', opacity=1, ori=0.0, pos=array([0., 0.]), rgb=UNKNOWN, text='', units='height', win=Window(...), wrapWidth=1)
10.4988 	EXP 	Created textBeginTest = TextStim(__class__=<class 'psychopy.visual.text.TextStim'>, alignHoriz=method-wrapper(...), alignText='center', alignVert=method-wrapper(...), anchorHoriz='center', anchorVert='center', antialias=True, autoLog=True, bold=False, color=array([1, 1, 1]), colorSpace='rgb', contrast=1.0, depth=0.0, flipHoriz=False, flipVert=False, font='Open Sans', fontFiles=[], height=0.1, italic=False, languageStyle='LTR', name='textBeginTest', opacity=1, ori=0.0, pos=array([0., 0.]), rgb=UNKNOWN, text='Press Space to Begin Test', units='height', win=Window(...), wrapWidth=1)
10.9890 	EXP 	Created textBlank = TextStim(__class__=<class 'psychopy.visual.text.TextStim'>, alignHoriz=method-wrapper(...), alignText='center', alignVert=method-wrapper(...), anchorHoriz='center', anchorVert='center', antialias=True, autoLog=True, bold=False, color=array([1, 1, 1]), colorSpace='rgb', contrast=1.0, depth=0.0, flipHoriz=False, flipVert=False, font='Open Sans', fontFiles=[], height=0.1, italic=False, languageStyle='LTR', name='textBlank', opacity=1, ori=0.0, pos=array([0., 0.]), rgb=UNKNOWN, text='', units='height', win=Window(...), wrapWidth=1)
10.9930 	EXP 	Created polygonTest = Polygon(__class__=<class 'psychopy.visual.polygon.Polygon'>, autoDraw=False, autoLog=True, closeShape=True, color=method-wrapper(...), colorSpace='rgb', contrast=None, depth=0.0, fillColor=array([1, 1, 1]), fillColorSpace='rgb', fillRGB=UNKNOWN, interpolate=True, lineColor=array([1, 1, 1]), lineColorSpace='rgb', lineRGB=UNKNOWN, lineWidth=1.0, name='polygonTest', opacity=1, ori=0.0, pos=array([0., 0.]), size=array([0.5, 0.5]), units='height', vertices=ndarray(...), win=Window(...))
10.9938 	EXP 	Created textBlank = TextStim(__class__=<class 'psychopy.visual.text.TextStim'>, alignHoriz=method-wrapper(...), alignText='center', alignVert=method-wrapper(...), anchorHoriz='center', anchorVert='center', antialias=True, autoLog=True, bold=False, color=array([1, 1, 1]), colorSpace='rgb', contrast=1.0, depth=0.0, flipHoriz=False, flipVert=False, font='Open Sans', fontFiles=[], height=0.1, italic=False, languageStyle='LTR', name='textBlank', opacity=1, ori=0.0, pos=array([0., 0.]), rgb=UNKNOWN, text='', units='height', win=Window(...), wrapWidth=1)
11.0240 	EXP 	textWelcome: autoDraw = True
11.7389 	DATA 	Mouse: Left button down, pos=(64,52)
11.8191 	DATA 	Mouse:  Left button up, pos=(64,52)
12.5422 	DATA 	Keypress: space
12.5479 	EXP 	textWelcome: autoDraw = False
12.5479 	EXP 	textBlank: autoDraw = True
13.6190 	EXP 	window1: mouseVisible = True
0.3202 	WARNING 	We strongly recommend you activate the PTB sound engine in PsychoPy prefs as the preferred audio engine. Its timing is vastly superior. Your prefs are currently set to use ['sounddevice', 'PTB', 'pyo', 'pygame'] (in that order).
7.2573 	WARNING 	User requested fullscreen with size [1024  768], but screen is actually [1920, 1080]. Using actual size
7.9646 	EXP 	Created window1 = Window(allowGUI=False, allowStencil=False, autoLog=True, backendConf=UNKNOWN, bitsMode=UNKNOWN, blendMode='avg', bpc=(8, 8, 8), color=array([0, 0, 0]), colorSpace='rgb', depthBits=8, fullscr=<method-wrapper '__getattribute__' of attributeSetter object at 0x7fa1a0439ba8>, gamma=None, gammaErrorPolicy='raise', lms=UNKNOWN, monitor=<psychopy.monitors.calibTools.Monitor object at 0x7fa1a03f0128>, multiSample=False, name='window1', numSamples=2, pos=[0.0, 0.0], screen=0, size=array([1920, 1080]), stencilBits=0, stereo=False, units='height', useFBO=True, useRetina=False, viewOri=0.0, viewPos=None, viewScale=None, waitBlanking=True, winType='pyglet')
7.9660 	EXP 	window1: mouseVisible = True
7.9660 	EXP 	window1: recordFrameIntervals = False
8.1307 	EXP 	window1: recordFrameIntervals = True
8.3144 	EXP 	window1: recordFrameIntervals = False
8.9016 	EXP 	Created textWelcome = TextStim(__class__=<class 'psychopy.visual.text.TextStim'>, alignHoriz=method-wrapper(...), alignText='center', alignVert=method-wrapper(...), anchorHoriz='center', anchorVert='center', antialias=True, autoLog=True, bold=False, color=array([1, 1, 1]), colorSpace='rgb', contrast=1.0, depth=0.0, flipHoriz=False, flipVert=False, font='Arial', fontFiles=[], height=0.1, italic=False, languageStyle='LTR', name='textWelcome', opacity=1, ori=0.0, pos=array([0., 0.]), rgb=UNKNOWN, text=str(...), units='height', win=Window(...), wrapWidth=1)
9.4048 	EXP 	Created textBlank = TextStim(__class__=<class 'psychopy.visual.text.TextStim'>, alignHoriz=method-wrapper(...), alignText='center', alignVert=method-wrapper(...), anchorHoriz='center', anchorVert='center', antialias=True, autoLog=True, bold=False, color=array([1, 1, 1]), colorSpace='rgb', contrast=1.0, depth=0.0, flipHoriz=False, flipVert=False, font='Open Sans', fontFiles=[], height=0.1, italic=False, languageStyle='LTR', name='textBlank', opacity=1, ori=0.0, pos=array([0., 0.]), rgb=UNKNOWN, text='', units='height', win=Window(...), wrapWidth=1)
9.9109 	EXP 	Created polygonStudy = Polygon(__class__=<class 'psychopy.visual.polygon.Polygon'>, autoDraw=False, autoLog=True, closeShape=True, color=method-wrapper(...), colorSpace='rgb', contrast=None, depth=-1.0, fillColor=array([1, 1, 1]), fillColorSpace='rgb', fillRGB=UNKNOWN, interpolate=True, lineColor=array([1, 1, 1]), lineColorSpace='rgb', lineRGB=UNKNOWN, lineWidth=1.0, name='polygonStudy', opacity=1, ori=0.0, pos=array([0., 0.]), size=array([0.5, 0.5]), units='height', vertices=ndarray(...), win=Window(...))
9.9117 	EXP 	Created textBlank = TextStim(__class__=<class 'psychopy.visual.text.TextStim'>, alignHoriz=method-wrapper(...), alignText='center', alignVert=method-wrapper(...), anchorHoriz='center', anchorVert='center', antialias=True, autoLog=True, bold=False, color=array([1, 1, 1]), colorSpace='rgb', contrast=1.0, depth=0.0, flipHoriz=False, flipVert=False, font='Open Sans', fontFiles=[], height=0.1, italic=False, languageStyle='LTR', name='textBlank', opacity=1, ori=0.0, pos=array([0., 0.]), rgb=UNKNOWN, text='', units='height', win=Window(...), wrapWidth=1)
9.9220 	EXP 	Created textBeginTest = TextStim(__class__=<class 'psychopy.visual.text.TextStim'>, alignHoriz=method-wrapper(...), alignText='center', alignVert=method-wrapper(...), anchorHoriz='center', anchorVert='center', antialias=True, autoLog=True, bold=False, color=array([1, 1, 1]), colorSpace='rgb', contrast=1.0, depth=0.0, flipHoriz=False, flipVert=False, font='Open Sans', fontFiles=[], height=0.1, italic=False, languageStyle='LTR', name='textBeginTest', opacity=1, ori=0.0, pos=array([0., 0.]), rgb=UNKNOWN, text='Press Space to Begin Test', units='height', win=Window(...), wrapWidth=1)
10.4140 	EXP 	Created textBlank = TextStim(__class__=<class 'psychopy.visual.text.TextStim'>, alignHoriz=method-wrapper(...), alignText='center', alignVert=method-wrapper(...), anchorHoriz='center', anchorVert='center', antialias=True, autoLog=True, bold=False, color=array([1, 1, 1]), colorSpace='rgb', contrast=1.0, depth=0.0, flipHoriz=False, flipVert=False, font='Open Sans', fontFiles=[], height=0.1, italic=False, languageStyle='LTR', name='textBlank', opacity=1, ori=0.0, pos=array([0., 0.]), rgb=UNKNOWN, text='', units='height', win=Window(...), wrapWidth=1)
10.4181 	EXP 	Created polygonTest = Polygon(__class__=<class 'psychopy.visual.polygon.Polygon'>, autoDraw=False, autoLog=True, closeShape=True, color=method-wrapper(...), colorSpace='rgb', contrast=None, depth=0.0, fillColor=array([1, 1, 1]), fillColorSpace='rgb', fillRGB=UNKNOWN, interpolate=True, lineColor=array([1, 1, 1]), lineColorSpace='rgb', lineRGB=UNKNOWN, lineWidth=1.0, name='polygonTest', opacity=1, ori=0.0, pos=array([0., 0.]), size=array([0.5, 0.5]), units='height', vertices=ndarray(...), win=Window(...))
10.4188 	EXP 	Created textBlank = TextStim(__class__=<class 'psychopy.visual.text.TextStim'>, alignHoriz=method-wrapper(...), alignText='center', alignVert=method-wrapper(...), anchorHoriz='center', anchorVert='center', antialias=True, autoLog=True, bold=False, color=array([1, 1, 1]), colorSpace='rgb', contrast=1.0, depth=0.0, flipHoriz=False, flipVert=False, font='Open Sans', fontFiles=[], height=0.1, italic=False, languageStyle='LTR', name='textBlank', opacity=1, ori=0.0, pos=array([0., 0.]), rgb=UNKNOWN, text='', units='height', win=Window(...), wrapWidth=1)
10.4332 	EXP 	textWelcome: autoDraw = True
11.9012 	EXP 	textWelcome: autoDraw = False
11.9012 	EXP 	textBlank: autoDraw = True
12.4060 	EXP 	Imported studyItems.xlsm as conditions, 6 conditions, 1 params
12.4064 	EXP 	Created sequence: random, trialTypes=6, nReps=1, seed=None
12.4067 	EXP 	New trial (rep=0, index=0): {'shapeColor': 'green'}
12.4195 	EXP 	textBlank: autoDraw = False
12.4195 	EXP 	polygonStudy: autoDraw = True
13.9144 	EXP 	polygonStudy: autoDraw = False
13.9144 	EXP 	textBlank: autoDraw = True
14.3985 	EXP 	New trial (rep=0, index=1): {'shapeColor': 'yellow'}
14.4153 	EXP 	textBlank: autoDraw = False
14.4153 	EXP 	textBlank: autoDraw = False
14.4153 	EXP 	polygonStudy: autoDraw = True
15.8305 	EXP 	polygonStudy: autoDraw = False
15.8305 	EXP 	textBlank: autoDraw = True
16.3155 	EXP 	New trial (rep=0, index=2): {'shapeColor': 'purple'}
16.3307 	EXP 	textBlank: autoDraw = False
16.3307 	EXP 	textBlank: autoDraw = False
16.3307 	EXP 	polygonStudy: autoDraw = True
17.7310 	EXP 	polygonStudy: autoDraw = False
17.7310 	EXP 	textBlank: autoDraw = True
18.2144 	EXP 	New trial (rep=0, index=3): {'shapeColor': 'blue'}
18.2313 	EXP 	textBlank: autoDraw = False
18.2313 	EXP 	textBlank: autoDraw = False
18.2313 	EXP 	polygonStudy: autoDraw = True
19.5629 	EXP 	polygonStudy: autoDraw = False
19.5629 	EXP 	textBlank: autoDraw = True
20.0477 	EXP 	New trial (rep=0, index=4): {'shapeColor': 'black'}
20.0644 	EXP 	textBlank: autoDraw = False
20.0644 	EXP 	textBlank: autoDraw = False
20.0644 	EXP 	polygonStudy: autoDraw = True
21.3647 	EXP 	polygonStudy: autoDraw = False
21.3647 	EXP 	textBlank: autoDraw = True
21.8653 	EXP 	New trial (rep=0, index=5): {'shapeColor': 'red'}
21.8810 	EXP 	textBlank: autoDraw = False
21.8810 	EXP 	polygonStudy: autoDraw = True
23.0958 	EXP 	polygonStudy: autoDraw = False
23.0958 	EXP 	textBlank: autoDraw = True
23.5962 	EXP 	textBlank: autoDraw = False
23.5962 	EXP 	textBlank: autoDraw = False
23.5962 	EXP 	textBeginTest: autoDraw = True
25.1807 	EXP 	textBeginTest: autoDraw = False
25.1807 	EXP 	textBlank: autoDraw = True
25.6755 	EXP 	Imported studyItems.xlsm as conditions, 8 conditions, 1 params
25.6761 	EXP 	Created sequence: random, trialTypes=8, nReps=5, seed=None
25.6765 	EXP 	New trial (rep=0, index=0): {'shapeColor': 'red'}
25.6826 	EXP 	textBlank: autoDraw = False
25.6826 	EXP 	polygonTest: autoDraw = True
28.6803 	EXP 	polygonTest: autoDraw = False
28.6803 	EXP 	textBlank: autoDraw = True
29.1796 	EXP 	New trial (rep=0, index=1): {'shapeColor': 'blue'}
29.1954 	EXP 	textBlank: autoDraw = False
29.1954 	EXP 	polygonTest: autoDraw = True
32.1786 	EXP 	polygonTest: autoDraw = False
32.1786 	EXP 	textBlank: autoDraw = True
32.6647 	EXP 	New trial (rep=0, index=2): {'shapeColor': 'black'}
32.6793 	EXP 	textBlank: autoDraw = False
32.6793 	EXP 	polygonTest: autoDraw = True
35.6794 	EXP 	polygonTest: autoDraw = False
35.6794 	EXP 	polygonTest: autoDraw = False
35.6794 	EXP 	textBlank: autoDraw = True
36.1642 	EXP 	New trial (rep=0, index=3): {'shapeColor': 'green'}
36.1791 	EXP 	textBlank: autoDraw = False
36.1791 	EXP 	textBlank: autoDraw = False
36.1791 	EXP 	polygonTest: autoDraw = True
39.1790 	EXP 	polygonTest: autoDraw = False
39.1790 	EXP 	polygonTest: autoDraw = False
39.1790 	EXP 	textBlank: autoDraw = True
39.6641 	EXP 	New trial (rep=0, index=4): {'shapeColor': 'purple'}
39.6789 	EXP 	textBlank: autoDraw = False
39.6789 	EXP 	textBlank: autoDraw = False
39.6789 	EXP 	polygonTest: autoDraw = True
42.6789 	EXP 	polygonTest: autoDraw = False
42.6789 	EXP 	polygonTest: autoDraw = False
42.6789 	EXP 	textBlank: autoDraw = True
43.1633 	EXP 	New trial (rep=0, index=5): {'shapeColor': 'orange'}
43.1786 	EXP 	textBlank: autoDraw = False
43.1786 	EXP 	textBlank: autoDraw = False
43.1786 	EXP 	polygonTest: autoDraw = True
46.1791 	EXP 	polygonTest: autoDraw = False
46.1791 	EXP 	polygonTest: autoDraw = False
46.1791 	EXP 	textBlank: autoDraw = True
46.6799 	EXP 	New trial (rep=0, index=6): {'shapeColor': 'yellow'}
46.6937 	EXP 	textBlank: autoDraw = False
46.6937 	EXP 	polygonTest: autoDraw = True
49.6944 	EXP 	polygonTest: autoDraw = False
49.6944 	EXP 	textBlank: autoDraw = True
50.1787 	EXP 	New trial (rep=0, index=7): {'shapeColor': 'pink'}
50.1934 	EXP 	textBlank: autoDraw = False
50.1934 	EXP 	polygonTest: autoDraw = True
53.1931 	EXP 	polygonTest: autoDraw = False
53.1931 	EXP 	textBlank: autoDraw = True
53.6785 	EXP 	New trial (rep=1, index=0): {'shapeColor': 'yellow'}
53.6931 	EXP 	textBlank: autoDraw = False
53.6931 	EXP 	polygonTest: autoDraw = True
56.6932 	EXP 	polygonTest: autoDraw = False
56.6932 	EXP 	textBlank: autoDraw = True
57.1785 	EXP 	New trial (rep=1, index=1): {'shapeColor': 'black'}
57.1933 	EXP 	textBlank: autoDraw = False
57.1933 	EXP 	polygonTest: autoDraw = True
60.1927 	EXP 	polygonTest: autoDraw = False
60.1927 	EXP 	textBlank: autoDraw = True
60.6789 	EXP 	New trial (rep=1, index=2): {'shapeColor': 'purple'}
60.6921 	EXP 	textBlank: autoDraw = False
60.6921 	EXP 	polygonTest: autoDraw = True
62.9978 	EXP 	window1: mouseVisible = True
