0.3803 	WARNING 	We strongly recommend you activate the PTB sound engine in PsychoPy prefs as the preferred audio engine. Its timing is vastly superior. Your prefs are currently set to use ['sounddevice', 'PTB', 'pyo', 'pygame'] (in that order).
8.2339 	WARNING 	User requested fullscreen with size [1024  768], but screen is actually [1920, 1080]. Using actual size
8.8996 	EXP 	Created window1 = Window(allowGUI=False, allowStencil=False, autoLog=True, backendConf=UNKNOWN, bitsMode=UNKNOWN, blendMode='avg', bpc=(8, 8, 8), color=array([0, 0, 0]), colorSpace='rgb', depthBits=8, fullscr=<method-wrapper '__getattribute__' of attributeSetter object at 0x7fcaf1f72b00>, gamma=None, gammaErrorPolicy='raise', lms=UNKNOWN, monitor=<psychopy.monitors.calibTools.Monitor object at 0x7fcaf1ed8828>, multiSample=False, name='window1', numSamples=2, pos=[0.0, 0.0], screen=0, size=array([1920, 1080]), stencilBits=0, stereo=False, units='height', useFBO=True, useRetina=False, viewOri=0.0, viewPos=None, viewScale=None, waitBlanking=True, winType='pyglet')
8.8998 	EXP 	window1: mouseVisible = True
8.8998 	EXP 	window1: recordFrameIntervals = False
9.0658 	EXP 	window1: recordFrameIntervals = True
9.2496 	EXP 	window1: recordFrameIntervals = False
9.8257 	EXP 	Created textWelcome = TextStim(__class__=<class 'psychopy.visual.text.TextStim'>, alignHoriz=method-wrapper(...), alignText='center', alignVert=method-wrapper(...), anchorHoriz='center', anchorVert='center', antialias=True, autoLog=True, bold=False, color=array([1, 1, 1]), colorSpace='rgb', contrast=1.0, depth=0.0, flipHoriz=False, flipVert=False, font='Arial', fontFiles=[], height=0.1, italic=False, languageStyle='LTR', name='textWelcome', opacity=1, ori=0.0, pos=array([0., 0.]), rgb=UNKNOWN, text=str(...), units='height', win=Window(...), wrapWidth=1)
10.3368 	EXP 	Created textBlank = TextStim(__class__=<class 'psychopy.visual.text.TextStim'>, alignHoriz=method-wrapper(...), alignText='center', alignVert=method-wrapper(...), anchorHoriz='center', anchorVert='center', antialias=True, autoLog=True, bold=False, color=array([1, 1, 1]), colorSpace='rgb', contrast=1.0, depth=0.0, flipHoriz=False, flipVert=False, font='Open Sans', fontFiles=[], height=0.1, italic=False, languageStyle='LTR', name='textBlank', opacity=1, ori=0.0, pos=array([0., 0.]), rgb=UNKNOWN, text='', units='height', win=Window(...), wrapWidth=1)
10.8474 	EXP 	Created polygon = Polygon(__class__=<class 'psychopy.visual.polygon.Polygon'>, autoDraw=False, autoLog=True, closeShape=True, color=method-wrapper(...), colorSpace='rgb', contrast=None, depth=-1.0, fillColor=array([1, 1, 1]), fillColorSpace='rgb', fillRGB=UNKNOWN, interpolate=True, lineColor=array([1, 1, 1]), lineColorSpace='rgb', lineRGB=UNKNOWN, lineWidth=1.0, name='polygon', opacity=1, ori=0.0, pos=array([0., 0.]), size=array([0.5, 0.5]), units='height', vertices=ndarray(...), win=Window(...))
10.8483 	EXP 	Created textBlank = TextStim(__class__=<class 'psychopy.visual.text.TextStim'>, alignHoriz=method-wrapper(...), alignText='center', alignVert=method-wrapper(...), anchorHoriz='center', anchorVert='center', antialias=True, autoLog=True, bold=False, color=array([1, 1, 1]), colorSpace='rgb', contrast=1.0, depth=0.0, flipHoriz=False, flipVert=False, font='Open Sans', fontFiles=[], height=0.1, italic=False, languageStyle='LTR', name='textBlank', opacity=1, ori=0.0, pos=array([0., 0.]), rgb=UNKNOWN, text='', units='height', win=Window(...), wrapWidth=1)
10.8491 	EXP 	Created textBlank = TextStim(__class__=<class 'psychopy.visual.text.TextStim'>, alignHoriz=method-wrapper(...), alignText='center', alignVert=method-wrapper(...), anchorHoriz='center', anchorVert='center', antialias=True, autoLog=True, bold=False, color=array([1, 1, 1]), colorSpace='rgb', contrast=1.0, depth=0.0, flipHoriz=False, flipVert=False, font='Open Sans', fontFiles=[], height=0.1, italic=False, languageStyle='LTR', name='textBlank', opacity=1, ori=0.0, pos=array([0., 0.]), rgb=UNKNOWN, text='', units='height', win=Window(...), wrapWidth=1)
10.8646 	EXP 	textWelcome: autoDraw = True
11.4678 	DATA 	Mouse: Left button down, pos=(866,627)
11.5175 	DATA 	Mouse:  Left button up, pos=(866,627)
12.1124 	DATA 	Keypress: space
12.1183 	EXP 	textWelcome: autoDraw = False
12.1183 	EXP 	textBlank: autoDraw = True
12.6213 	EXP 	Imported studyItems.xlsm as conditions, 8 conditions, 1 params
12.6217 	EXP 	Created sequence: random, trialTypes=8, nReps=1, seed=None
12.6219 	EXP 	New trial (rep=0, index=0): {'shapeColor': 'purple'}
12.6347 	EXP 	textBlank: autoDraw = False
12.6347 	EXP 	polygon: autoDraw = True
13.7558 	DATA 	Keypress: space
13.7652 	EXP 	polygon: autoDraw = False
13.7652 	EXP 	textBlank: autoDraw = True
14.2498 	EXP 	New trial (rep=0, index=1): {'shapeColor': 'green'}
14.2653 	EXP 	textBlank: autoDraw = False
14.2653 	EXP 	textBlank: autoDraw = False
14.2653 	EXP 	polygon: autoDraw = True
15.6684 	DATA 	Keypress: space
15.6813 	EXP 	polygon: autoDraw = False
15.6813 	EXP 	textBlank: autoDraw = True
16.1658 	EXP 	New trial (rep=0, index=2): {'shapeColor': 'yellow'}
16.1817 	EXP 	textBlank: autoDraw = False
16.1817 	EXP 	textBlank: autoDraw = False
16.1817 	EXP 	polygon: autoDraw = True
16.4679 	DATA 	Keypress: space
16.4825 	EXP 	polygon: autoDraw = False
16.4825 	EXP 	textBlank: autoDraw = True
16.9830 	EXP 	New trial (rep=0, index=3): {'shapeColor': 'black'}
16.9979 	EXP 	textBlank: autoDraw = False
16.9979 	EXP 	polygon: autoDraw = True
17.2846 	DATA 	Keypress: space
17.2982 	EXP 	polygon: autoDraw = False
17.2982 	EXP 	textBlank: autoDraw = True
17.7825 	EXP 	New trial (rep=0, index=4): {'shapeColor': 'blue'}
17.7985 	EXP 	textBlank: autoDraw = False
17.7985 	EXP 	textBlank: autoDraw = False
17.7985 	EXP 	polygon: autoDraw = True
18.1509 	DATA 	Keypress: space
18.1646 	EXP 	polygon: autoDraw = False
18.1646 	EXP 	textBlank: autoDraw = True
18.6490 	EXP 	New trial (rep=0, index=5): {'shapeColor': 'orange'}
18.6648 	EXP 	textBlank: autoDraw = False
18.6648 	EXP 	textBlank: autoDraw = False
18.6648 	EXP 	polygon: autoDraw = True
18.9508 	DATA 	Keypress: space
18.9646 	EXP 	polygon: autoDraw = False
18.9646 	EXP 	textBlank: autoDraw = True
19.4490 	EXP 	New trial (rep=0, index=6): {'shapeColor': 'red'}
19.4650 	EXP 	textBlank: autoDraw = False
19.4650 	EXP 	textBlank: autoDraw = False
19.4650 	EXP 	polygon: autoDraw = True
19.8021 	DATA 	Keypress: space
19.8146 	EXP 	polygon: autoDraw = False
19.8146 	EXP 	textBlank: autoDraw = True
20.3003 	EXP 	New trial (rep=0, index=7): {'shapeColor': 'pink'}
20.3147 	EXP 	textBlank: autoDraw = False
20.3147 	EXP 	textBlank: autoDraw = False
20.3147 	EXP 	polygon: autoDraw = True
20.5838 	DATA 	Keypress: space
20.5982 	EXP 	polygon: autoDraw = False
20.5982 	EXP 	textBlank: autoDraw = True
21.0978 	EXP 	textBlank: autoDraw = False
21.0978 	EXP 	textBlank: autoDraw = False
21.0978 	EXP 	textBlank: autoDraw = True
21.5986 	EXP 	textBlank: autoDraw = False
22.1719 	EXP 	window1: mouseVisible = True
